15:50:42.527 Info: Start-up 
15:50:42.785 Info: Elements collection reload 
15:50:44.283 Info: debugging enabled: false 
15:50:44.284 Info: Qt library version: 5.15.14 
15:50:44.284 Info: Qt library location default prefix: "/usr" 
15:50:44.284 Info: Qt library location documentation: "/usr/share/doc/qt5" 
15:50:44.284 Info: Qt library location headers: "/usr/include/qt5" 
15:50:44.284 Info: Qt library location libraries: "/usr/lib64" 
15:50:44.284 Info: Qt library location executables: "/usr/lib64/qt5/libexec" 
15:50:44.284 Info: Qt library location Qt binaries: "/usr/lib64/qt5/bin" 
15:50:44.284 Info: Qt library location Qt plugins: "/usr/lib64/qt5/plugins" 
15:50:44.284 Info: Qt library location installed QML extensions: "/usr/lib64/qt5/imports" 
15:50:44.284 Info: Qt library location installed QML extensions: "/usr/lib64/qt5/qml" 
15:50:44.284 Info: Qt library location dependent Qt data: "/usr/lib64/qt5" 
15:50:44.285 Info: Qt library location independent Qt data: "/usr/share/qt5" 
15:50:44.285 Info: Qt library location translation: "/usr/share/qt5/translations" 
15:50:44.285 Info: Qt library location examples: "/usr/lib64/qt5/examples" 
15:50:44.285 Info: Qt library location Qt testcases: "/usr/tests" 
15:50:44.285 Info: Qt library location Qt settings: "/etc/xdg" 
15:50:44.285 Info: "GitRevision " 
15:50:44.285 Info: "QElectroTech V 0.90" 
15:50:44.285 Info: "Compilation: GCC 14.0.1 20240125 (Red Hat 14.0.1-0)" 
15:50:44.285 Info: "Built with Qt 5.15.12 - x86_64 - Date : Jan 26 2024 : 00:00:00" 
15:50:44.285 Info: "Run with Qt 5.15.14 using 8 thread(s)" 
15:50:44.285 Info: "CPU : model name\t: Intel(R) Core(TM) i7-4710MQ CPU @ 2.50GHz\n" 
15:50:44.285 Info: "RAM Total : 15 GB" 
15:50:44.285 Info: "RAM Available : 11 GB" 
15:50:44.285 Info: "GPU :  Intel Corporation 4th Gen Core Processor Integrated Graphics Controller (rev 06)\n NVIDIA Corporation GK104M [GeForce GTX 860M] (rev a1)\n" 
15:50:44.285 Info: "GPU RAM :     Video memory: 1536MB\n" 
15:50:44.286 Info: "OS : linux  - x86_64 - Version : Fedora Linux 40 (Workstation Edition) - Kernel : 6.9.11-200.fc40.x86_64" 
15:50:44.286 Info: *** Qt screens *** 
15:50:44.286 Info: "( 1 : 1920 x 1080 )" 
15:50:44.291 Info: DISK : /   
15:50:44.291 Info: FileSystemType: "btrfs" 
15:50:44.292 Info: SizeTotal: 475 GB 
15:50:44.292 Info: AvailableSize: 293 GB 
15:50:44.292 Info: DISK : /run   
15:50:44.292 Info: FileSystemType: "tmpfs" 
15:50:44.292 Info: SizeTotal: 3 GB 
15:50:44.292 Info: AvailableSize: 3 GB 
15:50:44.292 Info: DISK : /var/lib/snapd/snap/bare/5   
15:50:44.292 Info: FileSystemType: "squashfs" 
15:50:44.292 Info: SizeTotal: 0 GB 
15:50:44.292 Info: AvailableSize: 0 GB 
15:50:44.292 Info: DISK : /var/lib/snapd/snap/cups/1058   
15:50:44.292 Info: FileSystemType: "squashfs" 
15:50:44.292 Info: SizeTotal: 0 GB 
15:50:44.292 Info: AvailableSize: 0 GB 
15:50:44.292 Info: DISK : /var/lib/snapd/snap/anbox/186   
15:50:44.293 Info: FileSystemType: "squashfs" 
15:50:44.293 Info: SizeTotal: 0 GB 
15:50:44.293 Info: AvailableSize: 0 GB 
15:50:44.293 Info: DISK : /var/lib/snapd/snap/core/17200   
15:50:44.293 Info: FileSystemType: "squashfs" 
15:50:44.293 Info: SizeTotal: 0 GB 
15:50:44.293 Info: AvailableSize: 0 GB 
15:50:44.293 Info: DISK : /var/lib/snapd/snap/discord/197   
15:50:44.293 Info: FileSystemType: "squashfs" 
15:50:44.293 Info: SizeTotal: 0 GB 
15:50:44.293 Info: AvailableSize: 0 GB 
15:50:44.293 Info: DISK : /var/lib/snapd/snap/core22/1380   
15:50:44.293 Info: FileSystemType: "squashfs" 
15:50:44.293 Info: SizeTotal: 0 GB 
15:50:44.294 Info: AvailableSize: 0 GB 
15:50:44.294 Info: DISK : /var/lib/snapd/snap/discord/198   
15:50:44.294 Info: FileSystemType: "squashfs" 
15:50:44.294 Info: SizeTotal: 0 GB 
15:50:44.294 Info: AvailableSize: 0 GB 
15:50:44.294 Info: DISK : /var/lib/snapd/snap/gnome-42-2204/176   
15:50:44.294 Info: FileSystemType: "squashfs" 
15:50:44.294 Info: SizeTotal: 0 GB 
15:50:44.294 Info: AvailableSize: 0 GB 
15:50:44.294 Info: DISK : /var/lib/snapd/snap/gtk-common-themes/1535   
15:50:44.294 Info: FileSystemType: "squashfs" 
15:50:44.294 Info: SizeTotal: 0 GB 
15:50:44.294 Info: AvailableSize: 0 GB 
15:50:44.294 Info: DISK : /var/lib/snapd/snap/onlyoffice-desktopeditors/195   
15:50:44.295 Info: FileSystemType: "squashfs" 
15:50:44.295 Info: SizeTotal: 0 GB 
15:50:44.295 Info: AvailableSize: 0 GB 
15:50:44.295 Info: DISK : /var/lib/snapd/snap/onlyoffice-desktopeditors/196   
15:50:44.295 Info: FileSystemType: "squashfs" 
15:50:44.295 Info: SizeTotal: 0 GB 
15:50:44.295 Info: AvailableSize: 0 GB 
15:50:44.295 Info: DISK : /var/lib/snapd/snap/snapd/21759   
15:50:44.295 Info: FileSystemType: "squashfs" 
15:50:44.295 Info: SizeTotal: 0 GB 
15:50:44.295 Info: AvailableSize: 0 GB 
15:50:44.295 Info: DISK : /tmp   
15:50:44.295 Info: FileSystemType: "tmpfs" 
15:50:44.296 Info: SizeTotal: 8 GB 
15:50:44.296 Info: AvailableSize: 8 GB 
15:50:44.296 Info: DISK : /boot   
15:50:44.296 Info: FileSystemType: "ext4" 
15:50:44.296 Info: SizeTotal: 1 GB 
15:50:44.296 Info: AvailableSize: 0 GB 
15:50:44.296 Info: DISK : /home   
15:50:44.296 Info: FileSystemType: "btrfs" 
15:50:44.296 Info: SizeTotal: 475 GB 
15:50:44.296 Info: AvailableSize: 293 GB 
15:50:44.296 Info: DISK : /boot/efi   
15:50:44.296 Info: FileSystemType: "vfat" 
15:50:44.296 Info: SizeTotal: 0 GB 
15:50:44.296 Info: AvailableSize: 0 GB 
15:50:44.296 Info: DISK : /run/snapd/ns   
15:50:44.297 Info: FileSystemType: "tmpfs" 
15:50:44.297 Info: SizeTotal: 3 GB 
15:50:44.297 Info: AvailableSize: 3 GB 
15:50:44.297 Info: DISK : /run/user/1000   
15:50:44.297 Info: FileSystemType: "tmpfs" 
15:50:44.297 Info: SizeTotal: 1 GB 
15:50:44.297 Info: AvailableSize: 1 GB 
15:50:44.297 Info: DISK : /run/user/1000/doc   
15:50:44.297 Info: FileSystemType: "fuse.portal" 
15:50:44.297 Info: SizeTotal: 0 GB 
15:50:44.297 Info: AvailableSize: 0 GB 
15:50:44.298 Info: DISK USED: /   
15:50:44.298 Info: FileSystemType: "btrfs" 
15:50:44.298 Info: SizeTotal: 475 GB 
15:50:44.298 Info: AvailableSize: 293 GB 
15:50:44.390 Info: Elements collection finished to be loaded in 1.599 seconds 
15:50:58.749 Info: Start-up 
15:50:59.012 Info: Elements collection reload 
15:50:59.368 Info: Elements collection finished to be loaded in 0.352 seconds 
15:51:00.467 Info: debugging enabled: false 
15:51:00.467 Info: Qt library version: 5.15.14 
15:51:00.467 Info: Qt library location default prefix: "/usr" 
15:51:00.467 Info: Qt library location documentation: "/usr/share/doc/qt5" 
15:51:00.467 Info: Qt library location headers: "/usr/include/qt5" 
15:51:00.467 Info: Qt library location libraries: "/usr/lib64" 
15:51:00.467 Info: Qt library location executables: "/usr/lib64/qt5/libexec" 
15:51:00.467 Info: Qt library location Qt binaries: "/usr/lib64/qt5/bin" 
15:51:00.468 Info: Qt library location Qt plugins: "/usr/lib64/qt5/plugins" 
15:51:00.468 Info: Qt library location installed QML extensions: "/usr/lib64/qt5/imports" 
15:51:00.468 Info: Qt library location installed QML extensions: "/usr/lib64/qt5/qml" 
15:51:00.468 Info: Qt library location dependent Qt data: "/usr/lib64/qt5" 
15:51:00.468 Info: Qt library location independent Qt data: "/usr/share/qt5" 
15:51:00.468 Info: Qt library location translation: "/usr/share/qt5/translations" 
15:51:00.468 Info: Qt library location examples: "/usr/lib64/qt5/examples" 
15:51:00.468 Info: Qt library location Qt testcases: "/usr/tests" 
15:51:00.468 Info: Qt library location Qt settings: "/etc/xdg" 
15:51:00.468 Info: "GitRevision " 
15:51:00.468 Info: "QElectroTech V 0.90" 
15:51:00.468 Info: "Compilation: GCC 14.0.1 20240125 (Red Hat 14.0.1-0)" 
15:51:00.468 Info: "Built with Qt 5.15.12 - x86_64 - Date : Jan 26 2024 : 00:00:00" 
15:51:00.468 Info: "Run with Qt 5.15.14 using 8 thread(s)" 
15:51:00.468 Info: "CPU : model name\t: Intel(R) Core(TM) i7-4710MQ CPU @ 2.50GHz\n" 
15:51:00.468 Info: "RAM Total : 15 GB" 
15:51:00.468 Info: "RAM Available : 11 GB" 
15:51:00.468 Info: "GPU :  Intel Corporation 4th Gen Core Processor Integrated Graphics Controller (rev 06)\n NVIDIA Corporation GK104M [GeForce GTX 860M] (rev a1)\n" 
15:51:00.468 Info: "GPU RAM :     Video memory: 1536MB\n" 
15:51:00.468 Info: "OS : linux  - x86_64 - Version : Fedora Linux 40 (Workstation Edition) - Kernel : 6.9.11-200.fc40.x86_64" 
15:51:00.469 Info: *** Qt screens *** 
15:51:00.469 Info: "( 1 : 1920 x 1080 )" 
15:51:00.472 Info: DISK : /   
15:51:00.472 Info: FileSystemType: "btrfs" 
15:51:00.473 Info: SizeTotal: 475 GB 
15:51:00.473 Info: AvailableSize: 293 GB 
15:51:00.473 Info: DISK : /run   
15:51:00.473 Info: FileSystemType: "tmpfs" 
15:51:00.473 Info: SizeTotal: 3 GB 
15:51:00.473 Info: AvailableSize: 3 GB 
15:51:00.473 Info: DISK : /var/lib/snapd/snap/bare/5   
15:51:00.473 Info: FileSystemType: "squashfs" 
15:51:00.473 Info: SizeTotal: 0 GB 
15:51:00.473 Info: AvailableSize: 0 GB 
15:51:00.473 Info: DISK : /var/lib/snapd/snap/cups/1058   
15:51:00.473 Info: FileSystemType: "squashfs" 
15:51:00.473 Info: SizeTotal: 0 GB 
15:51:00.473 Info: AvailableSize: 0 GB 
15:51:00.473 Info: DISK : /var/lib/snapd/snap/anbox/186   
15:51:00.473 Info: FileSystemType: "squashfs" 
15:51:00.473 Info: SizeTotal: 0 GB 
15:51:00.473 Info: AvailableSize: 0 GB 
15:51:00.473 Info: DISK : /var/lib/snapd/snap/core/17200   
15:51:00.473 Info: FileSystemType: "squashfs" 
15:51:00.473 Info: SizeTotal: 0 GB 
15:51:00.473 Info: AvailableSize: 0 GB 
15:51:00.474 Info: DISK : /var/lib/snapd/snap/discord/197   
15:51:00.474 Info: FileSystemType: "squashfs" 
15:51:00.474 Info: SizeTotal: 0 GB 
15:51:00.474 Info: AvailableSize: 0 GB 
15:51:00.474 Info: DISK : /var/lib/snapd/snap/core22/1380   
15:51:00.474 Info: FileSystemType: "squashfs" 
15:51:00.474 Info: SizeTotal: 0 GB 
15:51:00.474 Info: AvailableSize: 0 GB 
15:51:00.474 Info: DISK : /var/lib/snapd/snap/discord/198   
15:51:00.474 Info: FileSystemType: "squashfs" 
15:51:00.474 Info: SizeTotal: 0 GB 
15:51:00.474 Info: AvailableSize: 0 GB 
15:51:00.474 Info: DISK : /var/lib/snapd/snap/gnome-42-2204/176   
15:51:00.474 Info: FileSystemType: "squashfs" 
15:51:00.474 Info: SizeTotal: 0 GB 
15:51:00.474 Info: AvailableSize: 0 GB 
15:51:00.474 Info: DISK : /var/lib/snapd/snap/gtk-common-themes/1535   
15:51:00.474 Info: FileSystemType: "squashfs" 
15:51:00.474 Info: SizeTotal: 0 GB 
15:51:00.474 Info: AvailableSize: 0 GB 
15:51:00.474 Info: DISK : /var/lib/snapd/snap/onlyoffice-desktopeditors/195   
15:51:00.474 Info: FileSystemType: "squashfs" 
15:51:00.475 Info: SizeTotal: 0 GB 
15:51:00.475 Info: AvailableSize: 0 GB 
15:51:00.475 Info: DISK : /var/lib/snapd/snap/onlyoffice-desktopeditors/196   
15:51:00.475 Info: FileSystemType: "squashfs" 
15:51:00.475 Info: SizeTotal: 0 GB 
15:51:00.475 Info: AvailableSize: 0 GB 
15:51:00.475 Info: DISK : /var/lib/snapd/snap/snapd/21759   
15:51:00.475 Info: FileSystemType: "squashfs" 
15:51:00.475 Info: SizeTotal: 0 GB 
15:51:00.475 Info: AvailableSize: 0 GB 
15:51:00.475 Info: DISK : /tmp   
15:51:00.475 Info: FileSystemType: "tmpfs" 
15:51:00.475 Info: SizeTotal: 8 GB 
15:51:00.475 Info: AvailableSize: 8 GB 
15:51:00.475 Info: DISK : /boot   
15:51:00.475 Info: FileSystemType: "ext4" 
15:51:00.475 Info: SizeTotal: 1 GB 
15:51:00.475 Info: AvailableSize: 0 GB 
15:51:00.475 Info: DISK : /home   
15:51:00.475 Info: FileSystemType: "btrfs" 
15:51:00.475 Info: SizeTotal: 475 GB 
15:51:00.475 Info: AvailableSize: 293 GB 
15:51:00.476 Info: DISK : /boot/efi   
15:51:00.476 Info: FileSystemType: "vfat" 
15:51:00.476 Info: SizeTotal: 0 GB 
15:51:00.476 Info: AvailableSize: 0 GB 
15:51:00.476 Info: DISK : /run/snapd/ns   
15:51:00.476 Info: FileSystemType: "tmpfs" 
15:51:00.476 Info: SizeTotal: 3 GB 
15:51:00.476 Info: AvailableSize: 3 GB 
15:51:00.476 Info: DISK : /run/user/1000   
15:51:00.476 Info: FileSystemType: "tmpfs" 
15:51:00.476 Info: SizeTotal: 1 GB 
15:51:00.476 Info: AvailableSize: 1 GB 
15:51:00.476 Info: DISK : /run/user/1000/doc   
15:51:00.476 Info: FileSystemType: "fuse.portal" 
15:51:00.476 Info: SizeTotal: 0 GB 
15:51:00.476 Info: AvailableSize: 0 GB 
15:51:00.476 Info: DISK USED: /   
15:51:00.476 Info: FileSystemType: "btrfs" 
15:51:00.476 Info: SizeTotal: 475 GB 
15:51:00.477 Info: AvailableSize: 293 GB 
16:38:47.594 Info: Start-up 
16:38:47.861 Info: Elements collection reload 
16:38:48.238 Info: Elements collection finished to be loaded in 0.372 seconds 
16:38:49.351 Info: debugging enabled: false 
16:38:49.351 Info: Qt library version: 5.15.14 
16:38:49.351 Info: Qt library location default prefix: "/usr" 
16:38:49.351 Info: Qt library location documentation: "/usr/share/doc/qt5" 
16:38:49.351 Info: Qt library location headers: "/usr/include/qt5" 
16:38:49.351 Info: Qt library location libraries: "/usr/lib64" 
16:38:49.351 Info: Qt library location executables: "/usr/lib64/qt5/libexec" 
16:38:49.351 Info: Qt library location Qt binaries: "/usr/lib64/qt5/bin" 
16:38:49.351 Info: Qt library location Qt plugins: "/usr/lib64/qt5/plugins" 
16:38:49.351 Info: Qt library location installed QML extensions: "/usr/lib64/qt5/imports" 
16:38:49.351 Info: Qt library location installed QML extensions: "/usr/lib64/qt5/qml" 
16:38:49.351 Info: Qt library location dependent Qt data: "/usr/lib64/qt5" 
16:38:49.351 Info: Qt library location independent Qt data: "/usr/share/qt5" 
16:38:49.352 Info: Qt library location translation: "/usr/share/qt5/translations" 
16:38:49.352 Info: Qt library location examples: "/usr/lib64/qt5/examples" 
16:38:49.352 Info: Qt library location Qt testcases: "/usr/tests" 
16:38:49.352 Info: Qt library location Qt settings: "/etc/xdg" 
16:38:49.352 Info: "GitRevision " 
16:38:49.352 Info: "QElectroTech V 0.90" 
16:38:49.352 Info: "Compilation: GCC 14.0.1 20240125 (Red Hat 14.0.1-0)" 
16:38:49.352 Info: "Built with Qt 5.15.12 - x86_64 - Date : Jan 26 2024 : 00:00:00" 
16:38:49.352 Info: "Run with Qt 5.15.14 using 8 thread(s)" 
16:38:49.352 Info: "CPU : model name\t: Intel(R) Core(TM) i7-4710MQ CPU @ 2.50GHz\n" 
16:38:49.352 Info: "RAM Total : 15 GB" 
16:38:49.352 Info: "RAM Available : 9 GB" 
16:38:49.352 Info: "GPU :  Intel Corporation 4th Gen Core Processor Integrated Graphics Controller (rev 06)\n NVIDIA Corporation GK104M [GeForce GTX 860M] (rev a1)\n" 
16:38:49.352 Info: "GPU RAM :     Video memory: 1536MB\n" 
16:38:49.352 Info: "OS : linux  - x86_64 - Version : Fedora Linux 40 (Workstation Edition) - Kernel : 6.9.11-200.fc40.x86_64" 
16:38:49.352 Info: *** Qt screens *** 
16:38:49.352 Info: "( 1 : 1920 x 1080 )" 
16:38:49.356 Info: DISK : /   
16:38:49.356 Info: FileSystemType: "btrfs" 
16:38:49.356 Info: SizeTotal: 475 GB 
16:38:49.356 Info: AvailableSize: 293 GB 
16:38:49.356 Info: DISK : /run   
16:38:49.356 Info: FileSystemType: "tmpfs" 
16:38:49.356 Info: SizeTotal: 3 GB 
16:38:49.356 Info: AvailableSize: 3 GB 
16:38:49.356 Info: DISK : /var/lib/snapd/snap/bare/5   
16:38:49.356 Info: FileSystemType: "squashfs" 
16:38:49.356 Info: SizeTotal: 0 GB 
16:38:49.357 Info: AvailableSize: 0 GB 
16:38:49.357 Info: DISK : /var/lib/snapd/snap/cups/1058   
16:38:49.357 Info: FileSystemType: "squashfs" 
16:38:49.357 Info: SizeTotal: 0 GB 
16:38:49.357 Info: AvailableSize: 0 GB 
16:38:49.357 Info: DISK : /var/lib/snapd/snap/anbox/186   
16:38:49.357 Info: FileSystemType: "squashfs" 
16:38:49.357 Info: SizeTotal: 0 GB 
16:38:49.357 Info: AvailableSize: 0 GB 
16:38:49.357 Info: DISK : /var/lib/snapd/snap/core/17200   
16:38:49.357 Info: FileSystemType: "squashfs" 
16:38:49.357 Info: SizeTotal: 0 GB 
16:38:49.357 Info: AvailableSize: 0 GB 
16:38:49.357 Info: DISK : /var/lib/snapd/snap/discord/197   
16:38:49.357 Info: FileSystemType: "squashfs" 
16:38:49.357 Info: SizeTotal: 0 GB 
16:38:49.357 Info: AvailableSize: 0 GB 
16:38:49.357 Info: DISK : /var/lib/snapd/snap/core22/1380   
16:38:49.357 Info: FileSystemType: "squashfs" 
16:38:49.357 Info: SizeTotal: 0 GB 
16:38:49.357 Info: AvailableSize: 0 GB 
16:38:49.357 Info: DISK : /var/lib/snapd/snap/discord/198   
16:38:49.357 Info: FileSystemType: "squashfs" 
16:38:49.358 Info: SizeTotal: 0 GB 
16:38:49.358 Info: AvailableSize: 0 GB 
16:38:49.358 Info: DISK : /var/lib/snapd/snap/gnome-42-2204/176   
16:38:49.358 Info: FileSystemType: "squashfs" 
16:38:49.358 Info: SizeTotal: 0 GB 
16:38:49.358 Info: AvailableSize: 0 GB 
16:38:49.358 Info: DISK : /var/lib/snapd/snap/gtk-common-themes/1535   
16:38:49.358 Info: FileSystemType: "squashfs" 
16:38:49.358 Info: SizeTotal: 0 GB 
16:38:49.358 Info: AvailableSize: 0 GB 
16:38:49.358 Info: DISK : /var/lib/snapd/snap/onlyoffice-desktopeditors/195   
16:38:49.358 Info: FileSystemType: "squashfs" 
16:38:49.358 Info: SizeTotal: 0 GB 
16:38:49.358 Info: AvailableSize: 0 GB 
16:38:49.358 Info: DISK : /var/lib/snapd/snap/onlyoffice-desktopeditors/196   
16:38:49.358 Info: FileSystemType: "squashfs" 
16:38:49.358 Info: SizeTotal: 0 GB 
16:38:49.358 Info: AvailableSize: 0 GB 
16:38:49.358 Info: DISK : /var/lib/snapd/snap/snapd/21759   
16:38:49.358 Info: FileSystemType: "squashfs" 
16:38:49.359 Info: SizeTotal: 0 GB 
16:38:49.359 Info: AvailableSize: 0 GB 
16:38:49.359 Info: DISK : /tmp   
16:38:49.359 Info: FileSystemType: "tmpfs" 
16:38:49.359 Info: SizeTotal: 8 GB 
16:38:49.359 Info: AvailableSize: 8 GB 
16:38:49.359 Info: DISK : /boot   
16:38:49.359 Info: FileSystemType: "ext4" 
16:38:49.359 Info: SizeTotal: 1 GB 
16:38:49.359 Info: AvailableSize: 0 GB 
16:38:49.359 Info: DISK : /home   
16:38:49.359 Info: FileSystemType: "btrfs" 
16:38:49.359 Info: SizeTotal: 475 GB 
16:38:49.359 Info: AvailableSize: 293 GB 
16:38:49.359 Info: DISK : /boot/efi   
16:38:49.359 Info: FileSystemType: "vfat" 
16:38:49.359 Info: SizeTotal: 0 GB 
16:38:49.359 Info: AvailableSize: 0 GB 
16:38:49.359 Info: DISK : /run/snapd/ns   
16:38:49.359 Info: FileSystemType: "tmpfs" 
16:38:49.359 Info: SizeTotal: 3 GB 
16:38:49.359 Info: AvailableSize: 3 GB 
16:38:49.359 Info: DISK : /run/user/1000   
16:38:49.359 Info: FileSystemType: "tmpfs" 
16:38:49.360 Info: SizeTotal: 1 GB 
16:38:49.360 Info: AvailableSize: 1 GB 
16:38:49.360 Info: DISK : /run/user/1000/doc   
16:38:49.360 Info: FileSystemType: "fuse.portal" 
16:38:49.360 Info: SizeTotal: 0 GB 
16:38:49.360 Info: AvailableSize: 0 GB 
16:38:49.360 Info: DISK USED: /   
16:38:49.360 Info: FileSystemType: "btrfs" 
16:38:49.360 Info: SizeTotal: 475 GB 
16:38:49.360 Info: AvailableSize: 293 GB 
21:21:17.734 Info: Start-up 
21:21:18.021 Info: Elements collection reload 
21:21:19.384 Info: Elements collection finished to be loaded in 1.362 seconds 
21:21:19.701 Info: debugging enabled: false 
21:21:19.701 Info: Qt library version: 5.15.14 
21:21:19.701 Info: Qt library location default prefix: "/usr" 
21:21:19.701 Info: Qt library location documentation: "/usr/share/doc/qt5" 
21:21:19.701 Info: Qt library location headers: "/usr/include/qt5" 
21:21:19.701 Info: Qt library location libraries: "/usr/lib64" 
21:21:19.701 Info: Qt library location executables: "/usr/lib64/qt5/libexec" 
21:21:19.701 Info: Qt library location Qt binaries: "/usr/lib64/qt5/bin" 
21:21:19.701 Info: Qt library location Qt plugins: "/usr/lib64/qt5/plugins" 
21:21:19.701 Info: Qt library location installed QML extensions: "/usr/lib64/qt5/imports" 
21:21:19.701 Info: Qt library location installed QML extensions: "/usr/lib64/qt5/qml" 
21:21:19.701 Info: Qt library location dependent Qt data: "/usr/lib64/qt5" 
21:21:19.701 Info: Qt library location independent Qt data: "/usr/share/qt5" 
21:21:19.701 Info: Qt library location translation: "/usr/share/qt5/translations" 
21:21:19.702 Info: Qt library location examples: "/usr/lib64/qt5/examples" 
21:21:19.702 Info: Qt library location Qt testcases: "/usr/tests" 
21:21:19.702 Info: Qt library location Qt settings: "/etc/xdg" 
21:21:19.702 Info: "GitRevision " 
21:21:19.702 Info: "QElectroTech V 0.90" 
21:21:19.702 Info: "Compilation: GCC 14.0.1 20240125 (Red Hat 14.0.1-0)" 
21:21:19.702 Info: "Built with Qt 5.15.12 - x86_64 - Date : Jan 26 2024 : 00:00:00" 
21:21:19.702 Info: "Run with Qt 5.15.14 using 8 thread(s)" 
21:21:19.702 Info: "CPU : model name\t: Intel(R) Core(TM) i7-4710MQ CPU @ 2.50GHz\n" 
21:21:19.702 Info: "RAM Total : 15 GB" 
21:21:19.702 Info: "RAM Available : 13 GB" 
21:21:19.702 Info: "GPU :  Intel Corporation 4th Gen Core Processor Integrated Graphics Controller (rev 06)\n NVIDIA Corporation GK104M [GeForce GTX 860M] (rev a1)\n" 
21:21:19.702 Info: "GPU RAM :     Video memory: 1536MB\n" 
21:21:19.702 Info: "OS : linux  - x86_64 - Version : Fedora Linux 40 (Workstation Edition) - Kernel : 6.9.11-200.fc40.x86_64" 
21:21:19.705 Info: *** Qt screens *** 
21:21:19.705 Info: "( 1 : 1920 x 1080 )" 
21:21:19.709 Info: DISK : /   
21:21:19.709 Info: FileSystemType: "btrfs" 
21:21:19.709 Info: SizeTotal: 475 GB 
21:21:19.709 Info: AvailableSize: 291 GB 
21:21:19.709 Info: DISK : /run   
21:21:19.709 Info: FileSystemType: "tmpfs" 
21:21:19.709 Info: SizeTotal: 3 GB 
21:21:19.709 Info: AvailableSize: 3 GB 
21:21:19.709 Info: DISK : /var/lib/snapd/snap/bare/5   
21:21:19.709 Info: FileSystemType: "squashfs" 
21:21:19.710 Info: SizeTotal: 0 GB 
21:21:19.710 Info: AvailableSize: 0 GB 
21:21:19.710 Info: DISK : /var/lib/snapd/snap/anbox/186   
21:21:19.710 Info: FileSystemType: "squashfs" 
21:21:19.710 Info: SizeTotal: 0 GB 
21:21:19.710 Info: AvailableSize: 0 GB 
21:21:19.710 Info: DISK : /var/lib/snapd/snap/core/17200   
21:21:19.710 Info: FileSystemType: "squashfs" 
21:21:19.710 Info: SizeTotal: 0 GB 
21:21:19.710 Info: AvailableSize: 0 GB 
21:21:19.710 Info: DISK : /var/lib/snapd/snap/core22/1380   
21:21:19.710 Info: FileSystemType: "squashfs" 
21:21:19.710 Info: SizeTotal: 0 GB 
21:21:19.710 Info: AvailableSize: 0 GB 
21:21:19.710 Info: DISK : /var/lib/snapd/snap/cups/1058   
21:21:19.710 Info: FileSystemType: "squashfs" 
21:21:19.710 Info: SizeTotal: 0 GB 
21:21:19.710 Info: AvailableSize: 0 GB 
21:21:19.710 Info: DISK : /var/lib/snapd/snap/discord/197   
21:21:19.710 Info: FileSystemType: "squashfs" 
21:21:19.710 Info: SizeTotal: 0 GB 
21:21:19.710 Info: AvailableSize: 0 GB 
21:21:19.710 Info: DISK : /var/lib/snapd/snap/discord/198   
21:21:19.711 Info: FileSystemType: "squashfs" 
21:21:19.711 Info: SizeTotal: 0 GB 
21:21:19.711 Info: AvailableSize: 0 GB 
21:21:19.711 Info: DISK : /var/lib/snapd/snap/gnome-42-2204/176   
21:21:19.711 Info: FileSystemType: "squashfs" 
21:21:19.711 Info: SizeTotal: 0 GB 
21:21:19.711 Info: AvailableSize: 0 GB 
21:21:19.711 Info: DISK : /var/lib/snapd/snap/gtk-common-themes/1535   
21:21:19.711 Info: FileSystemType: "squashfs" 
21:21:19.711 Info: SizeTotal: 0 GB 
21:21:19.711 Info: AvailableSize: 0 GB 
21:21:19.711 Info: DISK : /var/lib/snapd/snap/onlyoffice-desktopeditors/195   
21:21:19.711 Info: FileSystemType: "squashfs" 
21:21:19.711 Info: SizeTotal: 0 GB 
21:21:19.711 Info: AvailableSize: 0 GB 
21:21:19.711 Info: DISK : /var/lib/snapd/snap/onlyoffice-desktopeditors/196   
21:21:19.711 Info: FileSystemType: "squashfs" 
21:21:19.711 Info: SizeTotal: 0 GB 
21:21:19.711 Info: AvailableSize: 0 GB 
21:21:19.711 Info: DISK : /var/lib/snapd/snap/snapd/21759   
21:21:19.711 Info: FileSystemType: "squashfs" 
21:21:19.711 Info: SizeTotal: 0 GB 
21:21:19.711 Info: AvailableSize: 0 GB 
21:21:19.711 Info: DISK : /tmp   
21:21:19.712 Info: FileSystemType: "tmpfs" 
21:21:19.712 Info: SizeTotal: 8 GB 
21:21:19.712 Info: AvailableSize: 8 GB 
21:21:19.712 Info: DISK : /home   
21:21:19.712 Info: FileSystemType: "btrfs" 
21:21:19.712 Info: SizeTotal: 475 GB 
21:21:19.712 Info: AvailableSize: 291 GB 
21:21:19.712 Info: DISK : /boot   
21:21:19.712 Info: FileSystemType: "ext4" 
21:21:19.712 Info: SizeTotal: 1 GB 
21:21:19.712 Info: AvailableSize: 0 GB 
21:21:19.712 Info: DISK : /boot/efi   
21:21:19.712 Info: FileSystemType: "vfat" 
21:21:19.712 Info: SizeTotal: 0 GB 
21:21:19.712 Info: AvailableSize: 0 GB 
21:21:19.712 Info: DISK : /run/snapd/ns   
21:21:19.712 Info: FileSystemType: "tmpfs" 
21:21:19.712 Info: SizeTotal: 3 GB 
21:21:19.712 Info: AvailableSize: 3 GB 
21:21:19.712 Info: DISK : /run/user/1000   
21:21:19.712 Info: FileSystemType: "tmpfs" 
21:21:19.712 Info: SizeTotal: 1 GB 
21:21:19.712 Info: AvailableSize: 1 GB 
21:21:19.712 Info: DISK : /run/user/1000/doc   
21:21:19.713 Info: FileSystemType: "fuse.portal" 
21:21:19.713 Info: SizeTotal: 0 GB 
21:21:19.713 Info: AvailableSize: 0 GB 
21:21:19.713 Info: DISK USED: /   
21:21:19.713 Info: FileSystemType: "btrfs" 
21:21:19.713 Info: SizeTotal: 475 GB 
21:21:19.713 Info: AvailableSize: 291 GB 
