16:02:29.616 Info: Start-up 
16:02:29.879 Info: Elements collection reload 
16:02:31.007 Info: Elements collection finished to be loaded in 1.124 seconds 
16:02:31.592 Info: debugging enabled: false 
16:02:31.592 Info: Qt library version: 5.15.14 
16:02:31.592 Info: Qt library location default prefix: "/usr" 
16:02:31.592 Info: Qt library location documentation: "/usr/share/doc/qt5" 
16:02:31.592 Info: Qt library location headers: "/usr/include/qt5" 
16:02:31.593 Info: Qt library location libraries: "/usr/lib64" 
16:02:31.593 Info: Qt library location executables: "/usr/lib64/qt5/libexec" 
16:02:31.593 Info: Qt library location Qt binaries: "/usr/lib64/qt5/bin" 
16:02:31.593 Info: Qt library location Qt plugins: "/usr/lib64/qt5/plugins" 
16:02:31.593 Info: Qt library location installed QML extensions: "/usr/lib64/qt5/imports" 
16:02:31.593 Info: Qt library location installed QML extensions: "/usr/lib64/qt5/qml" 
16:02:31.593 Info: Qt library location dependent Qt data: "/usr/lib64/qt5" 
16:02:31.593 Info: Qt library location independent Qt data: "/usr/share/qt5" 
16:02:31.593 Info: Qt library location translation: "/usr/share/qt5/translations" 
16:02:31.593 Info: Qt library location examples: "/usr/lib64/qt5/examples" 
16:02:31.593 Info: Qt library location Qt testcases: "/usr/tests" 
16:02:31.593 Info: Qt library location Qt settings: "/etc/xdg" 
16:02:31.593 Info: "GitRevision " 
16:02:31.593 Info: "QElectroTech V 0.90" 
16:02:31.593 Info: "Compilation: GCC 14.0.1 20240125 (Red Hat 14.0.1-0)" 
16:02:31.593 Info: "Built with Qt 5.15.12 - x86_64 - Date : Jan 26 2024 : 00:00:00" 
16:02:31.593 Info: "Run with Qt 5.15.14 using 8 thread(s)" 
16:02:31.593 Info: "CPU : model name\t: Intel(R) Core(TM) i7-4710MQ CPU @ 2.50GHz\n" 
16:02:31.593 Info: "RAM Total : 15 GB" 
16:02:31.593 Info: "RAM Available : 11 GB" 
16:02:31.593 Info: "GPU :  Intel Corporation 4th Gen Core Processor Integrated Graphics Controller (rev 06)\n NVIDIA Corporation GK104M [GeForce GTX 860M] (rev a1)\n" 
16:02:31.594 Info: "GPU RAM :     Video memory: 1536MB\n" 
16:02:31.594 Info: "OS : linux  - x86_64 - Version : Fedora Linux 40 (Workstation Edition) - Kernel : 6.9.9-200.fc40.x86_64" 
16:02:31.594 Info: *** Qt screens *** 
16:02:31.594 Info: "( 1 : 1920 x 1080 )" 
16:02:31.597 Info: DISK : /   
16:02:31.597 Info: FileSystemType: "btrfs" 
16:02:31.597 Info: SizeTotal: 475 GB 
16:02:31.597 Info: AvailableSize: 299 GB 
16:02:31.597 Info: DISK : /run   
16:02:31.598 Info: FileSystemType: "tmpfs" 
16:02:31.598 Info: SizeTotal: 3 GB 
16:02:31.598 Info: AvailableSize: 3 GB 
16:02:31.598 Info: DISK : /var/lib/snapd/snap/bare/5   
16:02:31.598 Info: FileSystemType: "squashfs" 
16:02:31.598 Info: SizeTotal: 0 GB 
16:02:31.598 Info: AvailableSize: 0 GB 
16:02:31.598 Info: DISK : /var/lib/snapd/snap/core/17200   
16:02:31.598 Info: FileSystemType: "squashfs" 
16:02:31.598 Info: SizeTotal: 0 GB 
16:02:31.598 Info: AvailableSize: 0 GB 
16:02:31.598 Info: DISK : /var/lib/snapd/snap/anbox/186   
16:02:31.598 Info: FileSystemType: "squashfs" 
16:02:31.598 Info: SizeTotal: 0 GB 
16:02:31.598 Info: AvailableSize: 0 GB 
16:02:31.598 Info: DISK : /var/lib/snapd/snap/core22/1380   
16:02:31.598 Info: FileSystemType: "squashfs" 
16:02:31.598 Info: SizeTotal: 0 GB 
16:02:31.598 Info: AvailableSize: 0 GB 
16:02:31.598 Info: DISK : /var/lib/snapd/snap/cups/1058   
16:02:31.598 Info: FileSystemType: "squashfs" 
16:02:31.598 Info: SizeTotal: 0 GB 
16:02:31.598 Info: AvailableSize: 0 GB 
16:02:31.598 Info: DISK : /var/lib/snapd/snap/discord/197   
16:02:31.599 Info: FileSystemType: "squashfs" 
16:02:31.599 Info: SizeTotal: 0 GB 
16:02:31.599 Info: AvailableSize: 0 GB 
16:02:31.599 Info: DISK : /var/lib/snapd/snap/gtk-common-themes/1535   
16:02:31.599 Info: FileSystemType: "squashfs" 
16:02:31.599 Info: SizeTotal: 0 GB 
16:02:31.599 Info: AvailableSize: 0 GB 
16:02:31.599 Info: DISK : /var/lib/snapd/snap/gnome-42-2204/176   
16:02:31.599 Info: FileSystemType: "squashfs" 
16:02:31.599 Info: SizeTotal: 0 GB 
16:02:31.599 Info: AvailableSize: 0 GB 
16:02:31.599 Info: DISK : /var/lib/snapd/snap/onlyoffice-desktopeditors/195   
16:02:31.599 Info: FileSystemType: "squashfs" 
16:02:31.599 Info: SizeTotal: 0 GB 
16:02:31.599 Info: AvailableSize: 0 GB 
16:02:31.599 Info: DISK : /var/lib/snapd/snap/snapd/21759   
16:02:31.599 Info: FileSystemType: "squashfs" 
16:02:31.599 Info: SizeTotal: 0 GB 
16:02:31.599 Info: AvailableSize: 0 GB 
16:02:31.600 Info: DISK : /tmp   
16:02:31.600 Info: FileSystemType: "tmpfs" 
16:02:31.600 Info: SizeTotal: 8 GB 
16:02:31.600 Info: AvailableSize: 8 GB 
16:02:31.600 Info: DISK : /home   
16:02:31.600 Info: FileSystemType: "btrfs" 
16:02:31.600 Info: SizeTotal: 475 GB 
16:02:31.600 Info: AvailableSize: 299 GB 
16:02:31.600 Info: DISK : /boot   
16:02:31.600 Info: FileSystemType: "ext4" 
16:02:31.600 Info: SizeTotal: 1 GB 
16:02:31.600 Info: AvailableSize: 0 GB 
16:02:31.600 Info: DISK : /boot/efi   
16:02:31.600 Info: FileSystemType: "vfat" 
16:02:31.600 Info: SizeTotal: 0 GB 
16:02:31.600 Info: AvailableSize: 0 GB 
16:02:31.600 Info: DISK : /run/snapd/ns   
16:02:31.600 Info: FileSystemType: "tmpfs" 
16:02:31.600 Info: SizeTotal: 3 GB 
16:02:31.600 Info: AvailableSize: 3 GB 
16:02:31.601 Info: DISK : /run/user/1000   
16:02:31.601 Info: FileSystemType: "tmpfs" 
16:02:31.601 Info: SizeTotal: 1 GB 
16:02:31.601 Info: AvailableSize: 1 GB 
16:02:31.601 Info: DISK : /run/user/1000/doc   
16:02:31.601 Info: FileSystemType: "fuse.portal" 
16:02:31.601 Info: SizeTotal: 0 GB 
16:02:31.601 Info: AvailableSize: 0 GB 
16:02:31.601 Info: DISK USED: /   
16:02:31.601 Info: FileSystemType: "btrfs" 
16:02:31.601 Info: SizeTotal: 475 GB 
16:02:31.601 Info: AvailableSize: 299 GB 
